[ 2016-08-29T09:45:59+08:00 ] ::1 /blog/index.php
INFO: [ app_init ] --START--
INFO: Run Behavior\BuildLiteBehavior [ RunTime:0.000000s ]
INFO: [ app_init ] --END-- [ RunTime:0.001000s ]
INFO: [ app_begin ] --START--
INFO: Run Behavior\ReadHtmlCacheBehavior [ RunTime:0.001000s ]
INFO: [ app_begin ] --END-- [ RunTime:0.001000s ]
NOTIC: [2048] Declaration of Common\Model\SiteModel::save() should be compatible with Think\Model::save($data = '', $options = Array) C:\wamp\www\blog\Application\Common\Model\SiteModel.class.php 第 5 行.
INFO: [ view_parse ] --START--
INFO: [ template_filter ] --START--
INFO: Run Behavior\ContentReplaceBehavior [ RunTime:0.000000s ]
INFO: [ template_filter ] --END-- [ RunTime:0.015600s ]
INFO: Run Behavior\ParseTemplateBehavior [ RunTime:0.015600s ]
INFO: [ view_parse ] --END-- [ RunTime:0.015600s ]
INFO: [ view_filter ] --START--
INFO: Run Behavior\WriteHtmlCacheBehavior [ RunTime:0.000000s ]
INFO: [ view_filter ] --END-- [ RunTime:0.000000s ]
INFO: [ app_end ] --START--
INFO: Run Behavior\ShowPageTraceBehavior [ RunTime:0.000000s ]
INFO: [ app_end ] --END-- [ RunTime:0.000000s ]

[ 2016-08-29T09:46:00+08:00 ] ::1 /blog/index.php
INFO: [ app_init ] --START--
INFO: Run Behavior\BuildLiteBehavior [ RunTime:0.000000s ]
INFO: [ app_init ] --END-- [ RunTime:0.000000s ]
INFO: [ app_begin ] --START--
INFO: Run Behavior\ReadHtmlCacheBehavior [ RunTime:0.000000s ]
INFO: [ app_begin ] --END-- [ RunTime:0.001000s ]
NOTIC: [2048] Declaration of Common\Model\SiteModel::save() should be compatible with Think\Model::save($data = '', $options = Array) C:\wamp\www\blog\Application\Common\Model\SiteModel.class.php 第 5 行.
INFO: [ view_parse ] --START--
INFO: [ template_filter ] --START--
INFO: Run Behavior\ContentReplaceBehavior [ RunTime:0.000000s ]
INFO: [ template_filter ] --END-- [ RunTime:0.001000s ]
INFO: Run Behavior\ParseTemplateBehavior [ RunTime:0.009000s ]
INFO: [ view_parse ] --END-- [ RunTime:0.009000s ]
INFO: [ view_filter ] --START--
INFO: Run Behavior\WriteHtmlCacheBehavior [ RunTime:0.000000s ]
INFO: [ view_filter ] --END-- [ RunTime:0.000000s ]
INFO: [ app_end ] --START--
INFO: Run Behavior\ShowPageTraceBehavior [ RunTime:0.000000s ]
INFO: [ app_end ] --END-- [ RunTime:0.000000s ]

[ 2016-08-29T09:46:06+08:00 ] ::1 /blog/index.php/index/blog
INFO: [ app_init ] --START--
INFO: Run Behavior\BuildLiteBehavior [ RunTime:0.001000s ]
INFO: [ app_init ] --END-- [ RunTime:0.001000s ]
INFO: [ app_begin ] --START--
INFO: Run Behavior\ReadHtmlCacheBehavior [ RunTime:0.001000s ]
INFO: [ app_begin ] --END-- [ RunTime:0.001000s ]
NOTIC: [8] Undefined index: keyword C:\wamp\www\blog\Application\Home\Controller\IndexController.class.php 第 11 行.
NOTIC: [2048] Declaration of Common\Model\SiteModel::save() should be compatible with Think\Model::save($data = '', $options = Array) C:\wamp\www\blog\Application\Common\Model\SiteModel.class.php 第 5 行.
NOTIC: [2048] Declaration of Common\Model\KeyModel::add() should be compatible with Think\Model::add($data = '', $options = Array, $replace = false) C:\wamp\www\blog\Application\Common\Model\KeyModel.class.php 第 36 行.
SQL: SHOW COLUMNS FROM `b_k_ey` [ RunTime:0.0780s ]
SQL: SELECT * FROM `b_k_ey` WHERE `status` <> 0  [ RunTime:0.0210s ]
NOTIC: [8] Undefined variable: key C:\wamp\www\blog\Application\Home\Controller\IndexController.class.php 第 16 行.
NOTIC: [2048] Declaration of Common\Model\EssayModel::save() should be compatible with Think\Model::save($data = '', $options = Array) C:\wamp\www\blog\Application\Common\Model\EssayModel.class.php 第 84 行.
SQL: SHOW COLUMNS FROM `b_essay` [ RunTime:0.0290s ]
NOTIC: [2] Missing argument 1 for Think\Model::where(), called in C:\wamp\www\blog\Application\Common\Model\EssayModel.class.php on line 26 and defined C:\wamp\www\blog\ThinkPHP\Library\Think\Model.class.php 第 1797 行.
NOTIC: [8] Undefined variable: where C:\wamp\www\blog\ThinkPHP\Library\Think\Model.class.php 第 1805 行.
NOTIC: [8] Undefined variable: where C:\wamp\www\blog\ThinkPHP\Library\Think\Model.class.php 第 1808 行.
NOTIC: [8] Undefined variable: where C:\wamp\www\blog\ThinkPHP\Library\Think\Model.class.php 第 1816 行.
SQL: SELECT COUNT(*) AS tp_count FROM `b_essay` LIMIT 1   [ RunTime:0.0190s ]
NOTIC: [8] Undefined variable: key C:\wamp\www\blog\Application\Home\Controller\IndexController.class.php 第 27 行.
SQL: SHOW COLUMNS FROM `b_essay` [ RunTime:0.0040s ]
SQL: SELECT * FROM `b_essay` ORDER BY create_time desc LIMIT 0,3   [ RunTime:0.0000s ]
SQL: SELECT * FROM `b_essay` WHERE `ok` <> 0  [ RunTime:0.0010s ]
SQL: SELECT * FROM `b_essay` ORDER BY create_time desc LIMIT 5   [ RunTime:0.0000s ]
INFO: [ view_parse ] --START--
INFO: [ template_filter ] --START--
INFO: Run Behavior\ContentReplaceBehavior [ RunTime:0.001000s ]
INFO: [ template_filter ] --END-- [ RunTime:0.001000s ]
INFO: Run Behavior\ParseTemplateBehavior [ RunTime:0.051003s ]
INFO: [ view_parse ] --END-- [ RunTime:0.051003s ]
INFO: [ view_filter ] --START--
INFO: Run Behavior\WriteHtmlCacheBehavior [ RunTime:0.001000s ]
INFO: [ view_filter ] --END-- [ RunTime:0.002000s ]
INFO: [ app_end ] --START--
INFO: Run Behavior\ShowPageTraceBehavior [ RunTime:0.000000s ]
INFO: [ app_end ] --END-- [ RunTime:0.002000s ]

[ 2016-08-29T09:46:23+08:00 ] ::1 /blog/index.php/index/blog
INFO: [ app_init ] --START--
INFO: Run Behavior\BuildLiteBehavior [ RunTime:0.000000s ]
INFO: [ app_init ] --END-- [ RunTime:0.001000s ]
INFO: [ app_begin ] --START--
INFO: Run Behavior\ReadHtmlCacheBehavior [ RunTime:0.001000s ]
INFO: [ app_begin ] --END-- [ RunTime:0.001000s ]
NOTIC: [8] Undefined index: keyword C:\wamp\www\blog\Application\Home\Controller\IndexController.class.php 第 11 行.
NOTIC: [2048] Declaration of Common\Model\SiteModel::save() should be compatible with Think\Model::save($data = '', $options = Array) C:\wamp\www\blog\Application\Common\Model\SiteModel.class.php 第 5 行.
NOTIC: [2048] Declaration of Common\Model\KeyModel::add() should be compatible with Think\Model::add($data = '', $options = Array, $replace = false) C:\wamp\www\blog\Application\Common\Model\KeyModel.class.php 第 36 行.
SQL: SHOW COLUMNS FROM `b_k_ey` [ RunTime:0.0060s ]
SQL: SELECT * FROM `b_k_ey` WHERE `status` <> 0  [ RunTime:0.0000s ]
NOTIC: [8] Undefined variable: key C:\wamp\www\blog\Application\Home\Controller\IndexController.class.php 第 16 行.
NOTIC: [2048] Declaration of Common\Model\EssayModel::save() should be compatible with Think\Model::save($data = '', $options = Array) C:\wamp\www\blog\Application\Common\Model\EssayModel.class.php 第 84 行.
SQL: SHOW COLUMNS FROM `b_essay` [ RunTime:0.0060s ]
NOTIC: [2] Missing argument 1 for Think\Model::where(), called in C:\wamp\www\blog\Application\Common\Model\EssayModel.class.php on line 26 and defined C:\wamp\www\blog\ThinkPHP\Library\Think\Model.class.php 第 1797 行.
NOTIC: [8] Undefined variable: where C:\wamp\www\blog\ThinkPHP\Library\Think\Model.class.php 第 1805 行.
NOTIC: [8] Undefined variable: where C:\wamp\www\blog\ThinkPHP\Library\Think\Model.class.php 第 1808 行.
NOTIC: [8] Undefined variable: where C:\wamp\www\blog\ThinkPHP\Library\Think\Model.class.php 第 1816 行.
SQL: SELECT COUNT(*) AS tp_count FROM `b_essay` LIMIT 1   [ RunTime:0.0010s ]
NOTIC: [8] Undefined variable: key C:\wamp\www\blog\Application\Home\Controller\IndexController.class.php 第 27 行.
SQL: SHOW COLUMNS FROM `b_essay` [ RunTime:0.0070s ]
SQL: SELECT * FROM `b_essay` ORDER BY create_time desc LIMIT 0,3   [ RunTime:0.0000s ]
SQL: SELECT * FROM `b_essay` WHERE `ok` <> 0  [ RunTime:0.0000s ]
SQL: SELECT * FROM `b_essay` ORDER BY create_time desc LIMIT 5   [ RunTime:0.0000s ]
INFO: [ view_parse ] --START--
INFO: [ template_filter ] --START--
INFO: Run Behavior\ContentReplaceBehavior [ RunTime:0.000000s ]
INFO: [ template_filter ] --END-- [ RunTime:0.000000s ]
INFO: Run Behavior\ParseTemplateBehavior [ RunTime:0.016001s ]
INFO: [ view_parse ] --END-- [ RunTime:0.016001s ]
INFO: [ view_filter ] --START--
INFO: Run Behavior\WriteHtmlCacheBehavior [ RunTime:0.000000s ]
INFO: [ view_filter ] --END-- [ RunTime:0.000000s ]
INFO: [ app_end ] --START--
INFO: Run Behavior\ShowPageTraceBehavior [ RunTime:0.000000s ]
INFO: [ app_end ] --END-- [ RunTime:0.000000s ]

[ 2016-08-29T09:46:37+08:00 ] ::1 /blog/index.php/index/blog
INFO: [ app_init ] --START--
INFO: Run Behavior\BuildLiteBehavior [ RunTime:0.000000s ]
INFO: [ app_init ] --END-- [ RunTime:0.001000s ]
INFO: [ app_begin ] --START--
INFO: Run Behavior\ReadHtmlCacheBehavior [ RunTime:0.000000s ]
INFO: [ app_begin ] --END-- [ RunTime:0.001000s ]
NOTIC: [8] Undefined index: keyword C:\wamp\www\blog\Application\Home\Controller\IndexController.class.php 第 11 行.
NOTIC: [2048] Declaration of Common\Model\SiteModel::save() should be compatible with Think\Model::save($data = '', $options = Array) C:\wamp\www\blog\Application\Common\Model\SiteModel.class.php 第 5 行.
NOTIC: [2048] Declaration of Common\Model\KeyModel::add() should be compatible with Think\Model::add($data = '', $options = Array, $replace = false) C:\wamp\www\blog\Application\Common\Model\KeyModel.class.php 第 36 行.
SQL: SHOW COLUMNS FROM `b_k_ey` [ RunTime:0.0070s ]
SQL: SELECT * FROM `b_k_ey` WHERE `status` <> 0  [ RunTime:0.0000s ]
NOTIC: [8] Undefined variable: key C:\wamp\www\blog\Application\Home\Controller\IndexController.class.php 第 16 行.
NOTIC: [2048] Declaration of Common\Model\EssayModel::save() should be compatible with Think\Model::save($data = '', $options = Array) C:\wamp\www\blog\Application\Common\Model\EssayModel.class.php 第 84 行.
SQL: SHOW COLUMNS FROM `b_essay` [ RunTime:0.0060s ]
NOTIC: [2] Missing argument 1 for Think\Model::where(), called in C:\wamp\www\blog\Application\Common\Model\EssayModel.class.php on line 26 and defined C:\wamp\www\blog\ThinkPHP\Library\Think\Model.class.php 第 1797 行.
NOTIC: [8] Undefined variable: where C:\wamp\www\blog\ThinkPHP\Library\Think\Model.class.php 第 1805 行.
NOTIC: [8] Undefined variable: where C:\wamp\www\blog\ThinkPHP\Library\Think\Model.class.php 第 1808 行.
NOTIC: [8] Undefined variable: where C:\wamp\www\blog\ThinkPHP\Library\Think\Model.class.php 第 1816 行.
SQL: SELECT COUNT(*) AS tp_count FROM `b_essay` LIMIT 1   [ RunTime:0.0000s ]
NOTIC: [8] Undefined variable: key C:\wamp\www\blog\Application\Home\Controller\IndexController.class.php 第 27 行.
SQL: SHOW COLUMNS FROM `b_essay` [ RunTime:0.0070s ]
SQL: SELECT * FROM `b_essay` ORDER BY create_time desc LIMIT 0,3   [ RunTime:0.0000s ]
SQL: SELECT * FROM `b_essay` WHERE `ok` <> 0  [ RunTime:0.0000s ]
SQL: SELECT * FROM `b_essay` ORDER BY create_time desc LIMIT 5   [ RunTime:0.0000s ]
INFO: [ view_parse ] --START--
INFO: [ template_filter ] --START--
INFO: Run Behavior\ContentReplaceBehavior [ RunTime:0.000000s ]
INFO: [ template_filter ] --END-- [ RunTime:0.000000s ]
INFO: Run Behavior\ParseTemplateBehavior [ RunTime:0.014000s ]
INFO: [ view_parse ] --END-- [ RunTime:0.015001s ]
INFO: [ view_filter ] --START--
INFO: Run Behavior\WriteHtmlCacheBehavior [ RunTime:0.001000s ]
INFO: [ view_filter ] --END-- [ RunTime:0.001000s ]
INFO: [ app_end ] --START--
INFO: Run Behavior\ShowPageTraceBehavior [ RunTime:0.001000s ]
INFO: [ app_end ] --END-- [ RunTime:0.001000s ]

