[ 2016-08-31T08:27:08+08:00 ] 127.0.0.1 /blog/admin.php
INFO: [ app_init ] --START--
INFO: Run Behavior\BuildLiteBehavior [ RunTime:0.000000s ]
INFO: [ app_init ] --END-- [ RunTime:0.002000s ]
INFO: [ app_begin ] --START--
INFO: Run Behavior\ReadHtmlCacheBehavior [ RunTime:0.001000s ]
INFO: [ app_begin ] --END-- [ RunTime:0.001000s ]
INFO: [ view_parse ] --START--
INFO: [ template_filter ] --START--
INFO: Run Behavior\ContentReplaceBehavior [ RunTime:0.000000s ]
INFO: [ template_filter ] --END-- [ RunTime:0.000000s ]
INFO: Run Behavior\ParseTemplateBehavior [ RunTime:0.006000s ]
INFO: [ view_parse ] --END-- [ RunTime:0.006000s ]
INFO: [ view_filter ] --START--
INFO: Run Behavior\WriteHtmlCacheBehavior [ RunTime:0.001000s ]
INFO: [ view_filter ] --END-- [ RunTime:0.001000s ]
INFO: [ app_end ] --START--
INFO: Run Behavior\ShowPageTraceBehavior [ RunTime:0.001000s ]
INFO: [ app_end ] --END-- [ RunTime:0.001000s ]

[ 2016-08-31T08:30:35+08:00 ] 127.0.0.1 /blog/admin.php
INFO: [ app_init ] --START--
INFO: Run Behavior\BuildLiteBehavior [ RunTime:0.000000s ]
INFO: [ app_init ] --END-- [ RunTime:0.000000s ]
INFO: [ app_begin ] --START--
INFO: Run Behavior\ReadHtmlCacheBehavior [ RunTime:0.001000s ]
INFO: [ app_begin ] --END-- [ RunTime:0.001000s ]
INFO: [ view_parse ] --START--
INFO: [ template_filter ] --START--
INFO: Run Behavior\ContentReplaceBehavior [ RunTime:0.000000s ]
INFO: [ template_filter ] --END-- [ RunTime:0.001000s ]
INFO: Run Behavior\ParseTemplateBehavior [ RunTime:0.011000s ]
INFO: [ view_parse ] --END-- [ RunTime:0.011000s ]
INFO: [ view_filter ] --START--
INFO: Run Behavior\WriteHtmlCacheBehavior [ RunTime:0.000000s ]
INFO: [ view_filter ] --END-- [ RunTime:0.000000s ]
INFO: [ app_end ] --START--
INFO: Run Behavior\ShowPageTraceBehavior [ RunTime:0.001000s ]
INFO: [ app_end ] --END-- [ RunTime:0.001000s ]

[ 2016-08-31T08:30:39+08:00 ] 127.0.0.1 /blog/admin.php/login/index
INFO: [ app_init ] --START--
INFO: Run Behavior\BuildLiteBehavior [ RunTime:0.000000s ]
INFO: [ app_init ] --END-- [ RunTime:0.001000s ]
INFO: [ app_begin ] --START--
INFO: Run Behavior\ReadHtmlCacheBehavior [ RunTime:0.001000s ]
INFO: [ app_begin ] --END-- [ RunTime:0.001000s ]
SQL: SHOW COLUMNS FROM `b_adm_in` [ RunTime:0.0070s ]
SQL: SELECT * FROM `b_adm_in` WHERE `username` = 'admin' AND `password` = '10d1ceb78a4a3b3a59f3692ee9510f76'  [ RunTime:0.0010s ]
SQL: UPDATE `b_adm_in` SET `last_login_time`='1472603438',`last_login_ip`='127.0.0.1' WHERE ( username="admin" ) [ RunTime:0.0750s ]

[ 2016-08-31T08:30:41+08:00 ] 127.0.0.1 /blog/admin.php/index/admin
INFO: [ app_init ] --START--
INFO: Run Behavior\BuildLiteBehavior [ RunTime:0.000000s ]
INFO: [ app_init ] --END-- [ RunTime:0.001000s ]
INFO: [ app_begin ] --START--
INFO: Run Behavior\ReadHtmlCacheBehavior [ RunTime:0.001000s ]
INFO: [ app_begin ] --END-- [ RunTime:0.001000s ]
NOTIC: [2048] Declaration of Common\Model\EssayModel::save() should be compatible with Think\Model::save($data = '', $options = Array) C:\wamp\www\blog\Application\Common\Model\EssayModel.class.php 第 4 行.
SQL: SHOW COLUMNS FROM `b_essay` [ RunTime:0.0070s ]
SQL: SELECT * FROM `b_essay` ORDER BY count desc LIMIT 1   [ RunTime:0.0000s ]
SQL: SELECT COUNT(*) AS tp_count FROM `b_essay` LIMIT 1   [ RunTime:0.0000s ]
SQL: SHOW COLUMNS FROM `b_adm_in` [ RunTime:0.0080s ]
SQL: SELECT COUNT(*) AS tp_count FROM `b_adm_in` WHERE `status` <> 0 AND `last_login_time` > 1472572800 LIMIT 1   [ RunTime:0.0010s ]
SQL: SELECT COUNT(*) AS tp_count FROM `b_essay` WHERE `ok` = 1 LIMIT 1   [ RunTime:0.0000s ]
INFO: [ view_parse ] --START--
INFO: [ template_filter ] --START--
INFO: Run Behavior\ContentReplaceBehavior [ RunTime:0.000000s ]
INFO: [ template_filter ] --END-- [ RunTime:0.000000s ]
SQL: SELECT * FROM `b_adm_in` WHERE ( username="admin" )  [ RunTime:0.0010s ]
SQL: SHOW COLUMNS FROM `b_m_enu` [ RunTime:0.0100s ]
SQL: SELECT * FROM `b_m_enu` WHERE `status` <> 0  [ RunTime:0.0000s ]
INFO: Run Behavior\ParseTemplateBehavior [ RunTime:0.027001s ]
INFO: [ view_parse ] --END-- [ RunTime:0.027001s ]
INFO: [ view_filter ] --START--
INFO: Run Behavior\WriteHtmlCacheBehavior [ RunTime:0.001000s ]
INFO: [ view_filter ] --END-- [ RunTime:0.001000s ]
INFO: [ app_end ] --START--
INFO: Run Behavior\ShowPageTraceBehavior [ RunTime:0.001001s ]
INFO: [ app_end ] --END-- [ RunTime:0.001001s ]

[ 2016-08-31T08:30:44+08:00 ] 127.0.0.1 /blog/admin.php/menu/index
INFO: [ app_init ] --START--
INFO: Run Behavior\BuildLiteBehavior [ RunTime:0.000000s ]
INFO: [ app_init ] --END-- [ RunTime:0.001000s ]
INFO: [ app_begin ] --START--
INFO: Run Behavior\ReadHtmlCacheBehavior [ RunTime:0.001001s ]
INFO: [ app_begin ] --END-- [ RunTime:0.001001s ]
SQL: SHOW COLUMNS FROM `b_m_enu` [ RunTime:0.0060s ]
NOTIC: [2] Missing argument 1 for Think\Model::where(), called in C:\wamp\www\blog\Application\Common\Model\MenuModel.class.php on line 22 and defined C:\wamp\www\blog\ThinkPHP\Library\Think\Model.class.php 第 1797 行.
NOTIC: [8] Undefined variable: where C:\wamp\www\blog\ThinkPHP\Library\Think\Model.class.php 第 1805 行.
NOTIC: [8] Undefined variable: where C:\wamp\www\blog\ThinkPHP\Library\Think\Model.class.php 第 1808 行.
NOTIC: [8] Undefined variable: where C:\wamp\www\blog\ThinkPHP\Library\Think\Model.class.php 第 1816 行.
SQL: SELECT COUNT(*) AS tp_count FROM `b_m_enu` LIMIT 1   [ RunTime:0.0000s ]
SQL: SELECT * FROM `b_m_enu` LIMIT 0,5   [ RunTime:0.0000s ]
INFO: [ view_parse ] --START--
INFO: [ template_filter ] --START--
INFO: Run Behavior\ContentReplaceBehavior [ RunTime:0.000000s ]
INFO: [ template_filter ] --END-- [ RunTime:0.001000s ]
SQL: SHOW COLUMNS FROM `b_adm_in` [ RunTime:0.0040s ]
SQL: SELECT * FROM `b_adm_in` WHERE ( username="admin" )  [ RunTime:0.0010s ]
SQL: SELECT * FROM `b_m_enu` WHERE `status` <> 0  [ RunTime:0.0010s ]
INFO: Run Behavior\ParseTemplateBehavior [ RunTime:0.033002s ]
INFO: [ view_parse ] --END-- [ RunTime:0.033002s ]
INFO: [ view_filter ] --START--
INFO: Run Behavior\WriteHtmlCacheBehavior [ RunTime:0.000000s ]
INFO: [ view_filter ] --END-- [ RunTime:0.001000s ]
INFO: [ app_end ] --START--
INFO: Run Behavior\ShowPageTraceBehavior [ RunTime:0.001000s ]
INFO: [ app_end ] --END-- [ RunTime:0.001000s ]

[ 2016-08-31T08:30:46+08:00 ] 127.0.0.1 /blog/admin.php/site/index
INFO: [ app_init ] --START--
INFO: Run Behavior\BuildLiteBehavior [ RunTime:0.000000s ]
INFO: [ app_init ] --END-- [ RunTime:0.001000s ]
INFO: [ app_begin ] --START--
INFO: Run Behavior\ReadHtmlCacheBehavior [ RunTime:0.001000s ]
INFO: [ app_begin ] --END-- [ RunTime:0.001000s ]
NOTIC: [2048] Declaration of Common\Model\SiteModel::save() should be compatible with Think\Model::save($data = '', $options = Array) C:\wamp\www\blog\Application\Common\Model\SiteModel.class.php 第 5 行.
INFO: [ view_parse ] --START--
INFO: [ template_filter ] --START--
INFO: Run Behavior\ContentReplaceBehavior [ RunTime:0.000000s ]
INFO: [ template_filter ] --END-- [ RunTime:0.000000s ]
SQL: SHOW COLUMNS FROM `b_adm_in` [ RunTime:0.0060s ]
SQL: SELECT * FROM `b_adm_in` WHERE ( username="admin" )  [ RunTime:0.0010s ]
SQL: SHOW COLUMNS FROM `b_m_enu` [ RunTime:0.0040s ]
SQL: SELECT * FROM `b_m_enu` WHERE `status` <> 0  [ RunTime:0.0000s ]
INFO: Run Behavior\ParseTemplateBehavior [ RunTime:0.053003s ]
INFO: [ view_parse ] --END-- [ RunTime:0.053003s ]
INFO: [ view_filter ] --START--
INFO: Run Behavior\WriteHtmlCacheBehavior [ RunTime:0.000000s ]
INFO: [ view_filter ] --END-- [ RunTime:0.000000s ]
INFO: [ app_end ] --START--
INFO: Run Behavior\ShowPageTraceBehavior [ RunTime:0.001000s ]
INFO: [ app_end ] --END-- [ RunTime:0.001000s ]

[ 2016-08-31T08:30:46+08:00 ] 127.0.0.1 /blog/admin.php/essay/index
INFO: [ app_init ] --START--
INFO: Run Behavior\BuildLiteBehavior [ RunTime:0.000000s ]
INFO: [ app_init ] --END-- [ RunTime:0.001000s ]
INFO: [ app_begin ] --START--
INFO: Run Behavior\ReadHtmlCacheBehavior [ RunTime:0.001000s ]
INFO: [ app_begin ] --END-- [ RunTime:0.001000s ]
NOTIC: [2048] Declaration of Common\Model\EssayModel::save() should be compatible with Think\Model::save($data = '', $options = Array) C:\wamp\www\blog\Application\Common\Model\EssayModel.class.php 第 4 行.
SQL: SHOW COLUMNS FROM `b_essay` [ RunTime:0.0130s ]
NOTIC: [2] Missing argument 1 for Think\Model::where(), called in C:\wamp\www\blog\Application\Common\Model\EssayModel.class.php on line 26 and defined C:\wamp\www\blog\ThinkPHP\Library\Think\Model.class.php 第 1797 行.
NOTIC: [8] Undefined variable: where C:\wamp\www\blog\ThinkPHP\Library\Think\Model.class.php 第 1805 行.
NOTIC: [8] Undefined variable: where C:\wamp\www\blog\ThinkPHP\Library\Think\Model.class.php 第 1808 行.
NOTIC: [8] Undefined variable: where C:\wamp\www\blog\ThinkPHP\Library\Think\Model.class.php 第 1816 行.
SQL: SELECT COUNT(*) AS tp_count FROM `b_essay` LIMIT 1   [ RunTime:0.0010s ]
SQL: SHOW COLUMNS FROM `b_essay` [ RunTime:0.0050s ]
SQL: SELECT * FROM `b_essay` ORDER BY create_time desc LIMIT 0,2   [ RunTime:0.0000s ]
INFO: [ view_parse ] --START--
INFO: [ template_filter ] --START--
INFO: Run Behavior\ContentReplaceBehavior [ RunTime:0.000000s ]
INFO: [ template_filter ] --END-- [ RunTime:0.000000s ]
SQL: SHOW COLUMNS FROM `b_adm_in` [ RunTime:0.0090s ]
SQL: SELECT * FROM `b_adm_in` WHERE ( username="admin" )  [ RunTime:0.0000s ]
SQL: SHOW COLUMNS FROM `b_m_enu` [ RunTime:0.0090s ]
SQL: SELECT * FROM `b_m_enu` WHERE `status` <> 0  [ RunTime:0.0000s ]
INFO: Run Behavior\ParseTemplateBehavior [ RunTime:0.058003s ]
INFO: [ view_parse ] --END-- [ RunTime:0.059003s ]
INFO: [ view_filter ] --START--
INFO: Run Behavior\WriteHtmlCacheBehavior [ RunTime:0.000000s ]
INFO: [ view_filter ] --END-- [ RunTime:0.000000s ]
INFO: [ app_end ] --START--
INFO: Run Behavior\ShowPageTraceBehavior [ RunTime:0.000000s ]
INFO: [ app_end ] --END-- [ RunTime:0.001000s ]

[ 2016-08-31T08:30:54+08:00 ] 127.0.0.1 /blog/admin.php/essay/edit?id=35
INFO: [ app_init ] --START--
INFO: Run Behavior\BuildLiteBehavior [ RunTime:0.000000s ]
INFO: [ app_init ] --END-- [ RunTime:0.001000s ]
INFO: [ app_begin ] --START--
INFO: Run Behavior\ReadHtmlCacheBehavior [ RunTime:0.001000s ]
INFO: [ app_begin ] --END-- [ RunTime:0.001000s ]
NOTIC: [2048] Declaration of Common\Model\ContentModel::save() should be compatible with Think\Model::save($data = '', $options = Array) C:\wamp\www\blog\Application\Common\Model\ContentModel.class.php 第 4 行.
SQL: SHOW COLUMNS FROM `b_con_t_en_t` [ RunTime:0.0070s ]
SQL: SELECT * FROM `b_con_t_en_t` WHERE ( id=35 ) LIMIT 1   [ RunTime:0.0000s ]
NOTIC: [2048] Declaration of Common\Model\EssayModel::save() should be compatible with Think\Model::save($data = '', $options = Array) C:\wamp\www\blog\Application\Common\Model\EssayModel.class.php 第 84 行.
SQL: SHOW COLUMNS FROM `b_essay` [ RunTime:0.0050s ]
SQL: SELECT * FROM `b_essay` WHERE ( id=35 ) LIMIT 1   [ RunTime:0.0000s ]
INFO: [ view_parse ] --START--
INFO: [ template_filter ] --START--
INFO: Run Behavior\ContentReplaceBehavior [ RunTime:0.000000s ]
INFO: [ template_filter ] --END-- [ RunTime:0.000000s ]
SQL: SHOW COLUMNS FROM `b_adm_in` [ RunTime:0.0040s ]
SQL: SELECT * FROM `b_adm_in` WHERE ( username="admin" )  [ RunTime:0.0010s ]
SQL: SHOW COLUMNS FROM `b_m_enu` [ RunTime:0.0030s ]
SQL: SELECT * FROM `b_m_enu` WHERE `status` <> 0  [ RunTime:0.0000s ]
INFO: Run Behavior\ParseTemplateBehavior [ RunTime:0.045002s ]
INFO: [ view_parse ] --END-- [ RunTime:0.045002s ]
INFO: [ view_filter ] --START--
INFO: Run Behavior\WriteHtmlCacheBehavior [ RunTime:0.000000s ]
INFO: [ view_filter ] --END-- [ RunTime:0.000000s ]
INFO: [ app_end ] --START--
INFO: Run Behavior\ShowPageTraceBehavior [ RunTime:0.000000s ]
INFO: [ app_end ] --END-- [ RunTime:0.000000s ]

[ 2016-08-31T08:30:55+08:00 ] 127.0.0.1 /blog/admin.php/essay/
INFO: [ app_init ] --START--
INFO: Run Behavior\BuildLiteBehavior [ RunTime:0.000000s ]
INFO: [ app_init ] --END-- [ RunTime:0.001000s ]
INFO: [ app_begin ] --START--
INFO: Run Behavior\ReadHtmlCacheBehavior [ RunTime:0.000000s ]
INFO: [ app_begin ] --END-- [ RunTime:0.001000s ]
NOTIC: [2048] Declaration of Common\Model\EssayModel::save() should be compatible with Think\Model::save($data = '', $options = Array) C:\wamp\www\blog\Application\Common\Model\EssayModel.class.php 第 4 行.
SQL: SHOW COLUMNS FROM `b_essay` [ RunTime:0.0080s ]
NOTIC: [2] Missing argument 1 for Think\Model::where(), called in C:\wamp\www\blog\Application\Common\Model\EssayModel.class.php on line 26 and defined C:\wamp\www\blog\ThinkPHP\Library\Think\Model.class.php 第 1797 行.
NOTIC: [8] Undefined variable: where C:\wamp\www\blog\ThinkPHP\Library\Think\Model.class.php 第 1805 行.
NOTIC: [8] Undefined variable: where C:\wamp\www\blog\ThinkPHP\Library\Think\Model.class.php 第 1808 行.
NOTIC: [8] Undefined variable: where C:\wamp\www\blog\ThinkPHP\Library\Think\Model.class.php 第 1816 行.
SQL: SELECT COUNT(*) AS tp_count FROM `b_essay` LIMIT 1   [ RunTime:0.0000s ]
SQL: SHOW COLUMNS FROM `b_essay` [ RunTime:0.0090s ]
SQL: SELECT * FROM `b_essay` ORDER BY create_time desc LIMIT 0,2   [ RunTime:0.0000s ]
INFO: [ view_parse ] --START--
INFO: [ template_filter ] --START--
INFO: Run Behavior\ContentReplaceBehavior [ RunTime:0.000000s ]
INFO: [ template_filter ] --END-- [ RunTime:0.001000s ]
SQL: SHOW COLUMNS FROM `b_adm_in` [ RunTime:0.0100s ]
SQL: SELECT * FROM `b_adm_in` WHERE ( username="admin" )  [ RunTime:0.0010s ]
SQL: SHOW COLUMNS FROM `b_m_enu` [ RunTime:0.0100s ]
SQL: SELECT * FROM `b_m_enu` WHERE `status` <> 0  [ RunTime:0.0010s ]
INFO: Run Behavior\ParseTemplateBehavior [ RunTime:0.043003s ]
INFO: [ view_parse ] --END-- [ RunTime:0.043003s ]
INFO: [ view_filter ] --START--
INFO: Run Behavior\WriteHtmlCacheBehavior [ RunTime:0.001000s ]
INFO: [ view_filter ] --END-- [ RunTime:0.001000s ]
INFO: [ app_end ] --START--
INFO: Run Behavior\ShowPageTraceBehavior [ RunTime:0.001000s ]
INFO: [ app_end ] --END-- [ RunTime:0.001000s ]

[ 2016-08-31T08:30:57+08:00 ] 127.0.0.1 /blog/admin.php/essay/editSave
INFO: [ app_init ] --START--
INFO: Run Behavior\BuildLiteBehavior [ RunTime:0.000000s ]
INFO: [ app_init ] --END-- [ RunTime:0.001000s ]
INFO: [ app_begin ] --START--
INFO: Run Behavior\ReadHtmlCacheBehavior [ RunTime:0.001000s ]
INFO: [ app_begin ] --END-- [ RunTime:0.001000s ]
NOTIC: [2048] Declaration of Common\Model\EssayModel::save() should be compatible with Think\Model::save($data = '', $options = Array) C:\wamp\www\blog\Application\Common\Model\EssayModel.class.php 第 4 行.
SQL: SHOW COLUMNS FROM `b_essay` [ RunTime:0.0200s ]
SQL: UPDATE `b_essay` SET `title`='修改文章123',`small_title`='s',`thumb`='0',`description`='的',`update_time`='1472603457' WHERE ( id=35 ) [ RunTime:0.0540s ]
NOTIC: [2048] Declaration of Common\Model\ContentModel::save() should be compatible with Think\Model::save($data = '', $options = Array) C:\wamp\www\blog\Application\Common\Model\ContentModel.class.php 第 38 行.
SQL: SHOW COLUMNS FROM `b_con_t_en_t` [ RunTime:0.0080s ]
SQL: UPDATE `b_con_t_en_t` SET `content`='的' WHERE ( id=35 ) [ RunTime:0.0330s ]

[ 2016-08-31T08:30:58+08:00 ] 127.0.0.1 /blog/admin.php/essay/index.html
INFO: [ app_init ] --START--
INFO: Run Behavior\BuildLiteBehavior [ RunTime:0.000000s ]
INFO: [ app_init ] --END-- [ RunTime:0.001000s ]
INFO: [ app_begin ] --START--
INFO: Run Behavior\ReadHtmlCacheBehavior [ RunTime:0.001000s ]
INFO: [ app_begin ] --END-- [ RunTime:0.001000s ]
NOTIC: [2048] Declaration of Common\Model\EssayModel::save() should be compatible with Think\Model::save($data = '', $options = Array) C:\wamp\www\blog\Application\Common\Model\EssayModel.class.php 第 4 行.
SQL: SHOW COLUMNS FROM `b_essay` [ RunTime:0.0070s ]
NOTIC: [2] Missing argument 1 for Think\Model::where(), called in C:\wamp\www\blog\Application\Common\Model\EssayModel.class.php on line 26 and defined C:\wamp\www\blog\ThinkPHP\Library\Think\Model.class.php 第 1797 行.
NOTIC: [8] Undefined variable: where C:\wamp\www\blog\ThinkPHP\Library\Think\Model.class.php 第 1805 行.
NOTIC: [8] Undefined variable: where C:\wamp\www\blog\ThinkPHP\Library\Think\Model.class.php 第 1808 行.
NOTIC: [8] Undefined variable: where C:\wamp\www\blog\ThinkPHP\Library\Think\Model.class.php 第 1816 行.
SQL: SELECT COUNT(*) AS tp_count FROM `b_essay` LIMIT 1   [ RunTime:0.0000s ]
SQL: SHOW COLUMNS FROM `b_essay` [ RunTime:0.0100s ]
SQL: SELECT * FROM `b_essay` ORDER BY create_time desc LIMIT 0,2   [ RunTime:0.0000s ]
INFO: [ view_parse ] --START--
INFO: [ template_filter ] --START--
INFO: Run Behavior\ContentReplaceBehavior [ RunTime:0.000000s ]
INFO: [ template_filter ] --END-- [ RunTime:0.000000s ]
SQL: SHOW COLUMNS FROM `b_adm_in` [ RunTime:0.0070s ]
SQL: SELECT * FROM `b_adm_in` WHERE ( username="admin" )  [ RunTime:0.0010s ]
SQL: SHOW COLUMNS FROM `b_m_enu` [ RunTime:0.0090s ]
SQL: SELECT * FROM `b_m_enu` WHERE `status` <> 0  [ RunTime:0.0010s ]
INFO: Run Behavior\ParseTemplateBehavior [ RunTime:0.038002s ]
INFO: [ view_parse ] --END-- [ RunTime:0.038002s ]
INFO: [ view_filter ] --START--
INFO: Run Behavior\WriteHtmlCacheBehavior [ RunTime:0.001000s ]
INFO: [ view_filter ] --END-- [ RunTime:0.001000s ]
INFO: [ app_end ] --START--
INFO: Run Behavior\ShowPageTraceBehavior [ RunTime:0.001001s ]
INFO: [ app_end ] --END-- [ RunTime:0.001001s ]

[ 2016-08-31T08:31:04+08:00 ] 127.0.0.1 /blog/admin.php/essay/del
INFO: [ app_init ] --START--
INFO: Run Behavior\BuildLiteBehavior [ RunTime:0.000000s ]
INFO: [ app_init ] --END-- [ RunTime:0.000000s ]
INFO: [ app_begin ] --START--
INFO: Run Behavior\ReadHtmlCacheBehavior [ RunTime:0.001000s ]
INFO: [ app_begin ] --END-- [ RunTime:0.001000s ]
NOTIC: [2048] Declaration of Common\Model\EssayModel::save() should be compatible with Think\Model::save($data = '', $options = Array) C:\wamp\www\blog\Application\Common\Model\EssayModel.class.php 第 4 行.
SQL: SHOW COLUMNS FROM `b_essay` [ RunTime:0.0090s ]
SQL: DELETE FROM `b_essay` WHERE ( id=36 ) [ RunTime:0.1010s ]
NOTIC: [2048] Declaration of Common\Model\ContentModel::save() should be compatible with Think\Model::save($data = '', $options = Array) C:\wamp\www\blog\Application\Common\Model\ContentModel.class.php 第 38 行.
SQL: SHOW COLUMNS FROM `b_con_t_en_t` [ RunTime:0.0100s ]
SQL: DELETE FROM `b_con_t_en_t` WHERE ( id=36 ) [ RunTime:0.1950s ]

[ 2016-08-31T08:31:05+08:00 ] 127.0.0.1 /blog/admin.php/essay/index.html
INFO: [ app_init ] --START--
INFO: Run Behavior\BuildLiteBehavior [ RunTime:0.000000s ]
INFO: [ app_init ] --END-- [ RunTime:0.001000s ]
INFO: [ app_begin ] --START--
INFO: Run Behavior\ReadHtmlCacheBehavior [ RunTime:0.002000s ]
INFO: [ app_begin ] --END-- [ RunTime:0.002000s ]
NOTIC: [2048] Declaration of Common\Model\EssayModel::save() should be compatible with Think\Model::save($data = '', $options = Array) C:\wamp\www\blog\Application\Common\Model\EssayModel.class.php 第 4 行.
SQL: SHOW COLUMNS FROM `b_essay` [ RunTime:0.0090s ]
NOTIC: [2] Missing argument 1 for Think\Model::where(), called in C:\wamp\www\blog\Application\Common\Model\EssayModel.class.php on line 26 and defined C:\wamp\www\blog\ThinkPHP\Library\Think\Model.class.php 第 1797 行.
NOTIC: [8] Undefined variable: where C:\wamp\www\blog\ThinkPHP\Library\Think\Model.class.php 第 1805 行.
NOTIC: [8] Undefined variable: where C:\wamp\www\blog\ThinkPHP\Library\Think\Model.class.php 第 1808 行.
NOTIC: [8] Undefined variable: where C:\wamp\www\blog\ThinkPHP\Library\Think\Model.class.php 第 1816 行.
SQL: SELECT COUNT(*) AS tp_count FROM `b_essay` LIMIT 1   [ RunTime:0.0000s ]
SQL: SHOW COLUMNS FROM `b_essay` [ RunTime:0.0080s ]
SQL: SELECT * FROM `b_essay` ORDER BY create_time desc LIMIT 0,2   [ RunTime:0.0000s ]
INFO: [ view_parse ] --START--
INFO: [ template_filter ] --START--
INFO: Run Behavior\ContentReplaceBehavior [ RunTime:0.000000s ]
INFO: [ template_filter ] --END-- [ RunTime:0.000000s ]
SQL: SHOW COLUMNS FROM `b_adm_in` [ RunTime:0.0080s ]
SQL: SELECT * FROM `b_adm_in` WHERE ( username="admin" )  [ RunTime:0.0000s ]
SQL: SHOW COLUMNS FROM `b_m_enu` [ RunTime:0.0070s ]
SQL: SELECT * FROM `b_m_enu` WHERE `status` <> 0  [ RunTime:0.0010s ]
INFO: Run Behavior\ParseTemplateBehavior [ RunTime:0.037002s ]
INFO: [ view_parse ] --END-- [ RunTime:0.037002s ]
INFO: [ view_filter ] --START--
INFO: Run Behavior\WriteHtmlCacheBehavior [ RunTime:0.001000s ]
INFO: [ view_filter ] --END-- [ RunTime:0.001000s ]
INFO: [ app_end ] --START--
INFO: Run Behavior\ShowPageTraceBehavior [ RunTime:0.001000s ]
INFO: [ app_end ] --END-- [ RunTime:0.002000s ]

[ 2016-08-31T08:31:08+08:00 ] 127.0.0.1 /blog/admin.php/essay/index
INFO: [ app_init ] --START--
INFO: Run Behavior\BuildLiteBehavior [ RunTime:0.000000s ]
INFO: [ app_init ] --END-- [ RunTime:0.001000s ]
INFO: [ app_begin ] --START--
INFO: Run Behavior\ReadHtmlCacheBehavior [ RunTime:0.001000s ]
INFO: [ app_begin ] --END-- [ RunTime:0.001000s ]
NOTIC: [2048] Declaration of Common\Model\EssayModel::save() should be compatible with Think\Model::save($data = '', $options = Array) C:\wamp\www\blog\Application\Common\Model\EssayModel.class.php 第 4 行.
SQL: SHOW COLUMNS FROM `b_essay` [ RunTime:0.0080s ]
NOTIC: [2] Missing argument 1 for Think\Model::where(), called in C:\wamp\www\blog\Application\Common\Model\EssayModel.class.php on line 26 and defined C:\wamp\www\blog\ThinkPHP\Library\Think\Model.class.php 第 1797 行.
NOTIC: [8] Undefined variable: where C:\wamp\www\blog\ThinkPHP\Library\Think\Model.class.php 第 1805 行.
NOTIC: [8] Undefined variable: where C:\wamp\www\blog\ThinkPHP\Library\Think\Model.class.php 第 1808 行.
NOTIC: [8] Undefined variable: where C:\wamp\www\blog\ThinkPHP\Library\Think\Model.class.php 第 1816 行.
SQL: SELECT COUNT(*) AS tp_count FROM `b_essay` LIMIT 1   [ RunTime:0.0000s ]
SQL: SHOW COLUMNS FROM `b_essay` [ RunTime:0.0090s ]
SQL: SELECT * FROM `b_essay` ORDER BY create_time desc LIMIT 0,2   [ RunTime:0.0010s ]
INFO: [ view_parse ] --START--
INFO: [ template_filter ] --START--
INFO: Run Behavior\ContentReplaceBehavior [ RunTime:0.001000s ]
INFO: [ template_filter ] --END-- [ RunTime:0.001000s ]
SQL: SHOW COLUMNS FROM `b_adm_in` [ RunTime:0.0080s ]
SQL: SELECT * FROM `b_adm_in` WHERE ( username="admin" )  [ RunTime:0.0000s ]
SQL: SHOW COLUMNS FROM `b_m_enu` [ RunTime:0.0080s ]
SQL: SELECT * FROM `b_m_enu` WHERE `status` <> 0  [ RunTime:0.0010s ]
INFO: Run Behavior\ParseTemplateBehavior [ RunTime:0.041002s ]
INFO: [ view_parse ] --END-- [ RunTime:0.041002s ]
INFO: [ view_filter ] --START--
INFO: Run Behavior\WriteHtmlCacheBehavior [ RunTime:0.001000s ]
INFO: [ view_filter ] --END-- [ RunTime:0.001000s ]
INFO: [ app_end ] --START--
INFO: Run Behavior\ShowPageTraceBehavior [ RunTime:0.000000s ]
INFO: [ app_end ] --END-- [ RunTime:0.001001s ]

[ 2016-08-31T08:31:09+08:00 ] 127.0.0.1 /blog/admin.php/essay/position
INFO: [ app_init ] --START--
INFO: Run Behavior\BuildLiteBehavior [ RunTime:0.000000s ]
INFO: [ app_init ] --END-- [ RunTime:0.001000s ]
INFO: [ app_begin ] --START--
INFO: Run Behavior\ReadHtmlCacheBehavior [ RunTime:0.001000s ]
INFO: [ app_begin ] --END-- [ RunTime:0.001000s ]
NOTIC: [2048] Declaration of Common\Model\EssayModel::save() should be compatible with Think\Model::save($data = '', $options = Array) C:\wamp\www\blog\Application\Common\Model\EssayModel.class.php 第 4 行.
SQL: SHOW COLUMNS FROM `b_essay` [ RunTime:0.0050s ]
SQL: SELECT COUNT(*) AS tp_count FROM `b_essay` WHERE `ok` = 1 LIMIT 1   [ RunTime:0.0000s ]
SQL: SHOW COLUMNS FROM `b_essay` [ RunTime:0.0020s ]
SQL: SELECT * FROM `b_essay` WHERE `ok` = 1 ORDER BY create_time desc LIMIT 0,2   [ RunTime:0.0010s ]
INFO: [ view_parse ] --START--
INFO: [ template_filter ] --START--
INFO: Run Behavior\ContentReplaceBehavior [ RunTime:0.001000s ]
INFO: [ template_filter ] --END-- [ RunTime:0.001000s ]
SQL: SHOW COLUMNS FROM `b_adm_in` [ RunTime:0.0090s ]
SQL: SELECT * FROM `b_adm_in` WHERE ( username="admin" )  [ RunTime:0.0000s ]
SQL: SHOW COLUMNS FROM `b_m_enu` [ RunTime:0.0080s ]
SQL: SELECT * FROM `b_m_enu` WHERE `status` <> 0  [ RunTime:0.0000s ]
INFO: Run Behavior\ParseTemplateBehavior [ RunTime:0.042002s ]
INFO: [ view_parse ] --END-- [ RunTime:0.042002s ]
INFO: [ view_filter ] --START--
INFO: Run Behavior\WriteHtmlCacheBehavior [ RunTime:0.000000s ]
INFO: [ view_filter ] --END-- [ RunTime:0.000000s ]
INFO: [ app_end ] --START--
INFO: Run Behavior\ShowPageTraceBehavior [ RunTime:0.000000s ]
INFO: [ app_end ] --END-- [ RunTime:0.000000s ]

[ 2016-08-31T08:31:14+08:00 ] 127.0.0.1 /blog/admin.php/essay/ok?id=34&ok=1
INFO: [ app_init ] --START--
INFO: Run Behavior\BuildLiteBehavior [ RunTime:0.000000s ]
INFO: [ app_init ] --END-- [ RunTime:0.001000s ]
INFO: [ app_begin ] --START--
INFO: Run Behavior\ReadHtmlCacheBehavior [ RunTime:0.001000s ]
INFO: [ app_begin ] --END-- [ RunTime:0.001000s ]
NOTIC: [2048] Declaration of Common\Model\EssayModel::save() should be compatible with Think\Model::save($data = '', $options = Array) C:\wamp\www\blog\Application\Common\Model\EssayModel.class.php 第 4 行.
SQL: SHOW COLUMNS FROM `b_essay` [ RunTime:0.0070s ]
SQL: UPDATE `b_essay` SET `ok`='0' WHERE ( id=34 ) [ RunTime:0.0600s ]

[ 2016-08-31T08:31:14+08:00 ] 127.0.0.1 /blog/admin.php/essay/index.html
INFO: [ app_init ] --START--
INFO: Run Behavior\BuildLiteBehavior [ RunTime:0.000000s ]
INFO: [ app_init ] --END-- [ RunTime:0.001000s ]
INFO: [ app_begin ] --START--
INFO: Run Behavior\ReadHtmlCacheBehavior [ RunTime:0.000000s ]
INFO: [ app_begin ] --END-- [ RunTime:0.001000s ]
NOTIC: [2048] Declaration of Common\Model\EssayModel::save() should be compatible with Think\Model::save($data = '', $options = Array) C:\wamp\www\blog\Application\Common\Model\EssayModel.class.php 第 4 行.
SQL: SHOW COLUMNS FROM `b_essay` [ RunTime:0.0080s ]
NOTIC: [2] Missing argument 1 for Think\Model::where(), called in C:\wamp\www\blog\Application\Common\Model\EssayModel.class.php on line 26 and defined C:\wamp\www\blog\ThinkPHP\Library\Think\Model.class.php 第 1797 行.
NOTIC: [8] Undefined variable: where C:\wamp\www\blog\ThinkPHP\Library\Think\Model.class.php 第 1805 行.
NOTIC: [8] Undefined variable: where C:\wamp\www\blog\ThinkPHP\Library\Think\Model.class.php 第 1808 行.
NOTIC: [8] Undefined variable: where C:\wamp\www\blog\ThinkPHP\Library\Think\Model.class.php 第 1816 行.
SQL: SELECT COUNT(*) AS tp_count FROM `b_essay` LIMIT 1   [ RunTime:0.0010s ]
SQL: SHOW COLUMNS FROM `b_essay` [ RunTime:0.0070s ]
SQL: SELECT * FROM `b_essay` ORDER BY create_time desc LIMIT 0,2   [ RunTime:0.0010s ]
INFO: [ view_parse ] --START--
INFO: [ template_filter ] --START--
INFO: Run Behavior\ContentReplaceBehavior [ RunTime:0.000000s ]
INFO: [ template_filter ] --END-- [ RunTime:0.000000s ]
SQL: SHOW COLUMNS FROM `b_adm_in` [ RunTime:0.0040s ]
SQL: SELECT * FROM `b_adm_in` WHERE ( username="admin" )  [ RunTime:0.0000s ]
SQL: SHOW COLUMNS FROM `b_m_enu` [ RunTime:0.0070s ]
SQL: SELECT * FROM `b_m_enu` WHERE `status` <> 0  [ RunTime:0.0000s ]
INFO: Run Behavior\ParseTemplateBehavior [ RunTime:0.036002s ]
INFO: [ view_parse ] --END-- [ RunTime:0.036002s ]
INFO: [ view_filter ] --START--
INFO: Run Behavior\WriteHtmlCacheBehavior [ RunTime:0.000000s ]
INFO: [ view_filter ] --END-- [ RunTime:0.000000s ]
INFO: [ app_end ] --START--
INFO: Run Behavior\ShowPageTraceBehavior [ RunTime:0.000000s ]
INFO: [ app_end ] --END-- [ RunTime:0.000000s ]

[ 2016-08-31T08:31:19+08:00 ] 127.0.0.1 /blog/admin.php/essay/position
INFO: [ app_init ] --START--
INFO: Run Behavior\BuildLiteBehavior [ RunTime:0.000000s ]
INFO: [ app_init ] --END-- [ RunTime:0.000000s ]
INFO: [ app_begin ] --START--
INFO: Run Behavior\ReadHtmlCacheBehavior [ RunTime:0.001000s ]
INFO: [ app_begin ] --END-- [ RunTime:0.001000s ]
NOTIC: [2048] Declaration of Common\Model\EssayModel::save() should be compatible with Think\Model::save($data = '', $options = Array) C:\wamp\www\blog\Application\Common\Model\EssayModel.class.php 第 4 行.
SQL: SHOW COLUMNS FROM `b_essay` [ RunTime:0.0080s ]
SQL: SELECT COUNT(*) AS tp_count FROM `b_essay` WHERE `ok` = 1 LIMIT 1   [ RunTime:0.0000s ]
SQL: SHOW COLUMNS FROM `b_essay` [ RunTime:0.0080s ]
SQL: SELECT * FROM `b_essay` WHERE `ok` = 1 ORDER BY create_time desc LIMIT 0,2   [ RunTime:0.0010s ]
INFO: [ view_parse ] --START--
INFO: [ template_filter ] --START--
INFO: Run Behavior\ContentReplaceBehavior [ RunTime:0.000000s ]
INFO: [ template_filter ] --END-- [ RunTime:0.000000s ]
SQL: SHOW COLUMNS FROM `b_adm_in` [ RunTime:0.0100s ]
SQL: SELECT * FROM `b_adm_in` WHERE ( username="admin" )  [ RunTime:0.0010s ]
SQL: SHOW COLUMNS FROM `b_m_enu` [ RunTime:0.0070s ]
SQL: SELECT * FROM `b_m_enu` WHERE `status` <> 0  [ RunTime:0.0000s ]
INFO: Run Behavior\ParseTemplateBehavior [ RunTime:0.042002s ]
INFO: [ view_parse ] --END-- [ RunTime:0.042002s ]
INFO: [ view_filter ] --START--
INFO: Run Behavior\WriteHtmlCacheBehavior [ RunTime:0.000000s ]
INFO: [ view_filter ] --END-- [ RunTime:0.000000s ]
INFO: [ app_end ] --START--
INFO: Run Behavior\ShowPageTraceBehavior [ RunTime:0.000000s ]
INFO: [ app_end ] --END-- [ RunTime:0.000000s ]

[ 2016-08-31T08:31:51+08:00 ] 127.0.0.1 /blog/admin.php/essay/position
INFO: [ app_init ] --START--
INFO: Run Behavior\BuildLiteBehavior [ RunTime:0.000000s ]
INFO: [ app_init ] --END-- [ RunTime:0.002000s ]
INFO: [ app_begin ] --START--
INFO: Run Behavior\ReadHtmlCacheBehavior [ RunTime:0.001000s ]
INFO: [ app_begin ] --END-- [ RunTime:0.002000s ]
NOTIC: [2048] Declaration of Common\Model\EssayModel::save() should be compatible with Think\Model::save($data = '', $options = Array) C:\wamp\www\blog\Application\Common\Model\EssayModel.class.php 第 4 行.
SQL: SHOW COLUMNS FROM `b_essay` [ RunTime:0.0100s ]
SQL: SELECT COUNT(*) AS tp_count FROM `b_essay` WHERE `ok` = 1 LIMIT 1   [ RunTime:0.0000s ]
SQL: SHOW COLUMNS FROM `b_essay` [ RunTime:0.0080s ]
SQL: SELECT * FROM `b_essay` WHERE `ok` = 1 ORDER BY create_time desc LIMIT 0,2   [ RunTime:0.0020s ]
INFO: [ view_parse ] --START--
INFO: [ template_filter ] --START--
INFO: Run Behavior\ContentReplaceBehavior [ RunTime:0.000000s ]
INFO: [ template_filter ] --END-- [ RunTime:0.000000s ]
SQL: SHOW COLUMNS FROM `b_adm_in` [ RunTime:0.0080s ]
SQL: SELECT * FROM `b_adm_in` WHERE ( username="admin" )  [ RunTime:0.0010s ]
SQL: SHOW COLUMNS FROM `b_m_enu` [ RunTime:0.0070s ]
SQL: SELECT * FROM `b_m_enu` WHERE `status` <> 0  [ RunTime:0.0000s ]
INFO: Run Behavior\ParseTemplateBehavior [ RunTime:0.039002s ]
INFO: [ view_parse ] --END-- [ RunTime:0.039002s ]
INFO: [ view_filter ] --START--
INFO: Run Behavior\WriteHtmlCacheBehavior [ RunTime:0.001001s ]
INFO: [ view_filter ] --END-- [ RunTime:0.001001s ]
INFO: [ app_end ] --START--
INFO: Run Behavior\ShowPageTraceBehavior [ RunTime:0.001000s ]
INFO: [ app_end ] --END-- [ RunTime:0.001000s ]

